INFO:2025-09-06 16:55:34,203:MainThread:Dhan.py  started system
INFO:2025-09-06 16:55:34,203:MainThread:STARTED THE PROGRAM
ERROR:2025-09-06 16:55:38,866:MainThread:Exception in Getting OHLC data as Check the Tradingsymbol or Exchange
Traceback (most recent call last):
  File "c:\Users\sakth\Desktop\VSCODE\TB DHAN API ALGO\Dhan_Tradehull.py", line 504, in get_intraday_data
    raise Exception("Check the Tradingsymbol or Exchange")
Exception: Check the Tradingsymbol or Exchange
ERROR:2025-09-06 16:55:41,039:MainThread:Exception in Getting OHLC data as {'status': 'failure', 'remarks': {'error_code': 'DH-906', 'error_type': 'Order_Error', 'error_message': 'Invalid Token'}, 'data': {'errorType': 'Order_Error', 'errorCode': 'DH-906', 'errorMessage': 'Invalid Token'}}
Traceback (most recent call last):
  File "c:\Users\sakth\Desktop\VSCODE\TB DHAN API ALGO\Dhan_Tradehull.py", line 525, in get_intraday_data
    raise Exception(ohlc)
Exception: {'status': 'failure', 'remarks': {'error_code': 'DH-906', 'error_type': 'Order_Error', 'error_message': 'Invalid Token'}, 'data': {'errorType': 'Order_Error', 'errorCode': 'DH-906', 'errorMessage': 'Invalid Token'}}
ERROR:2025-09-06 16:55:41,107:MainThread:Exception in Getting OHLC data as Check the Tradingsymbol or Exchange
Traceback (most recent call last):
  File "c:\Users\sakth\Desktop\VSCODE\TB DHAN API ALGO\Dhan_Tradehull.py", line 504, in get_intraday_data
    raise Exception("Check the Tradingsymbol or Exchange")
Exception: Check the Tradingsymbol or Exchange
ERROR:2025-09-06 16:55:41,173:MainThread:Exception in Getting OHLC data as Check the Tradingsymbol or Exchange
Traceback (most recent call last):
  File "c:\Users\sakth\Desktop\VSCODE\TB DHAN API ALGO\Dhan_Tradehull.py", line 504, in get_intraday_data
    raise Exception("Check the Tradingsymbol or Exchange")
Exception: Check the Tradingsymbol or Exchange
INFO:2025-09-06 16:57:58,461:MainThread:Dhan.py  started system
INFO:2025-09-06 16:57:58,461:MainThread:STARTED THE PROGRAM
ERROR:2025-09-06 16:58:00,334:MainThread:Exception in Getting OHLC data as Check the Tradingsymbol or Exchange
Traceback (most recent call last):
  File "c:\Users\sakth\Desktop\VSCODE\TB DHAN API ALGO\Dhan_Tradehull.py", line 504, in get_intraday_data
    raise Exception("Check the Tradingsymbol or Exchange")
Exception: Check the Tradingsymbol or Exchange
ERROR:2025-09-06 16:58:02,427:MainThread:Exception in Getting OHLC data as {'status': 'failure', 'remarks': {'error_code': 'DH-906', 'error_type': 'Order_Error', 'error_message': 'Invalid Token'}, 'data': {'errorType': 'Order_Error', 'errorCode': 'DH-906', 'errorMessage': 'Invalid Token'}}
Traceback (most recent call last):
  File "c:\Users\sakth\Desktop\VSCODE\TB DHAN API ALGO\Dhan_Tradehull.py", line 525, in get_intraday_data
    raise Exception(ohlc)
Exception: {'status': 'failure', 'remarks': {'error_code': 'DH-906', 'error_type': 'Order_Error', 'error_message': 'Invalid Token'}, 'data': {'errorType': 'Order_Error', 'errorCode': 'DH-906', 'errorMessage': 'Invalid Token'}}
ERROR:2025-09-06 16:58:02,468:MainThread:Exception in Getting OHLC data as Check the Tradingsymbol or Exchange
Traceback (most recent call last):
  File "c:\Users\sakth\Desktop\VSCODE\TB DHAN API ALGO\Dhan_Tradehull.py", line 504, in get_intraday_data
    raise Exception("Check the Tradingsymbol or Exchange")
Exception: Check the Tradingsymbol or Exchange
ERROR:2025-09-06 16:58:02,503:MainThread:Exception in Getting OHLC data as Check the Tradingsymbol or Exchange
Traceback (most recent call last):
  File "c:\Users\sakth\Desktop\VSCODE\TB DHAN API ALGO\Dhan_Tradehull.py", line 504, in get_intraday_data
    raise Exception("Check the Tradingsymbol or Exchange")
Exception: Check the Tradingsymbol or Exchange
INFO:2025-09-06 17:00:03,100:MainThread:Dhan.py  started system
INFO:2025-09-06 17:00:03,100:MainThread:STARTED THE PROGRAM
ERROR:2025-09-06 17:00:05,001:MainThread:Exception in Getting OHLC data as Check the Tradingsymbol or Exchange
Traceback (most recent call last):
  File "c:\Users\sakth\Desktop\VSCODE\TB DHAN API ALGO\Dhan_Tradehull.py", line 504, in get_intraday_data
    raise Exception("Check the Tradingsymbol or Exchange")
Exception: Check the Tradingsymbol or Exchange
ERROR:2025-09-06 17:00:07,182:MainThread:Exception in Getting OHLC data as {'status': 'failure', 'remarks': {'error_code': 'DH-906', 'error_type': 'Order_Error', 'error_message': 'Invalid Token'}, 'data': {'errorType': 'Order_Error', 'errorCode': 'DH-906', 'errorMessage': 'Invalid Token'}}
Traceback (most recent call last):
  File "c:\Users\sakth\Desktop\VSCODE\TB DHAN API ALGO\Dhan_Tradehull.py", line 525, in get_intraday_data
    raise Exception(ohlc)
Exception: {'status': 'failure', 'remarks': {'error_code': 'DH-906', 'error_type': 'Order_Error', 'error_message': 'Invalid Token'}, 'data': {'errorType': 'Order_Error', 'errorCode': 'DH-906', 'errorMessage': 'Invalid Token'}}
ERROR:2025-09-06 17:00:07,224:MainThread:Exception in Getting OHLC data as Check the Tradingsymbol or Exchange
Traceback (most recent call last):
  File "c:\Users\sakth\Desktop\VSCODE\TB DHAN API ALGO\Dhan_Tradehull.py", line 504, in get_intraday_data
    raise Exception("Check the Tradingsymbol or Exchange")
Exception: Check the Tradingsymbol or Exchange
ERROR:2025-09-06 17:00:07,262:MainThread:Exception in Getting OHLC data as Check the Tradingsymbol or Exchange
Traceback (most recent call last):
  File "c:\Users\sakth\Desktop\VSCODE\TB DHAN API ALGO\Dhan_Tradehull.py", line 504, in get_intraday_data
    raise Exception("Check the Tradingsymbol or Exchange")
Exception: Check the Tradingsymbol or Exchange
INFO:2025-09-06 17:18:40,757:MainThread:Dhan.py  started system
INFO:2025-09-06 17:18:40,758:MainThread:STARTED THE PROGRAM
ERROR:2025-09-06 17:18:42,634:MainThread:Exception in Getting OHLC data as Check the Tradingsymbol or Exchange
Traceback (most recent call last):
  File "c:\Users\sakth\Desktop\VSCODE\TB DHAN API ALGO\Dhan_Tradehull.py", line 504, in get_intraday_data
    raise Exception("Check the Tradingsymbol or Exchange")
Exception: Check the Tradingsymbol or Exchange
ERROR:2025-09-06 17:18:44,794:MainThread:Exception in Getting OHLC data as {'status': 'failure', 'remarks': {'error_code': 'DH-906', 'error_type': 'Order_Error', 'error_message': 'Invalid Token'}, 'data': {'errorType': 'Order_Error', 'errorCode': 'DH-906', 'errorMessage': 'Invalid Token'}}
Traceback (most recent call last):
  File "c:\Users\sakth\Desktop\VSCODE\TB DHAN API ALGO\Dhan_Tradehull.py", line 525, in get_intraday_data
    raise Exception(ohlc)
Exception: {'status': 'failure', 'remarks': {'error_code': 'DH-906', 'error_type': 'Order_Error', 'error_message': 'Invalid Token'}, 'data': {'errorType': 'Order_Error', 'errorCode': 'DH-906', 'errorMessage': 'Invalid Token'}}
ERROR:2025-09-06 17:18:44,831:MainThread:Exception in Getting OHLC data as Check the Tradingsymbol or Exchange
Traceback (most recent call last):
  File "c:\Users\sakth\Desktop\VSCODE\TB DHAN API ALGO\Dhan_Tradehull.py", line 504, in get_intraday_data
    raise Exception("Check the Tradingsymbol or Exchange")
Exception: Check the Tradingsymbol or Exchange
ERROR:2025-09-06 17:18:44,868:MainThread:Exception in Getting OHLC data as Check the Tradingsymbol or Exchange
Traceback (most recent call last):
  File "c:\Users\sakth\Desktop\VSCODE\TB DHAN API ALGO\Dhan_Tradehull.py", line 504, in get_intraday_data
    raise Exception("Check the Tradingsymbol or Exchange")
Exception: Check the Tradingsymbol or Exchange
INFO:2025-09-06 17:42:44,160:MainThread:Dhan.py  started system
INFO:2025-09-06 17:42:44,160:MainThread:STARTED THE PROGRAM
ERROR:2025-09-06 17:42:46,097:MainThread:Exception in Getting OHLC data as Check the Tradingsymbol or Exchange
Traceback (most recent call last):
  File "c:\Users\sakth\Desktop\VSCODE\TB DHAN API ALGO\Dhan_Tradehull.py", line 504, in get_intraday_data
    raise Exception("Check the Tradingsymbol or Exchange")
Exception: Check the Tradingsymbol or Exchange
ERROR:2025-09-06 17:42:48,440:MainThread:Exception in Getting OHLC data as {'status': 'failure', 'remarks': {'error_code': 'DH-906', 'error_type': 'Order_Error', 'error_message': 'Invalid Token'}, 'data': {'errorType': 'Order_Error', 'errorCode': 'DH-906', 'errorMessage': 'Invalid Token'}}
Traceback (most recent call last):
  File "c:\Users\sakth\Desktop\VSCODE\TB DHAN API ALGO\Dhan_Tradehull.py", line 525, in get_intraday_data
    raise Exception(ohlc)
Exception: {'status': 'failure', 'remarks': {'error_code': 'DH-906', 'error_type': 'Order_Error', 'error_message': 'Invalid Token'}, 'data': {'errorType': 'Order_Error', 'errorCode': 'DH-906', 'errorMessage': 'Invalid Token'}}
ERROR:2025-09-06 17:42:48,482:MainThread:Exception in Getting OHLC data as Check the Tradingsymbol or Exchange
Traceback (most recent call last):
  File "c:\Users\sakth\Desktop\VSCODE\TB DHAN API ALGO\Dhan_Tradehull.py", line 504, in get_intraday_data
    raise Exception("Check the Tradingsymbol or Exchange")
Exception: Check the Tradingsymbol or Exchange
ERROR:2025-09-06 17:42:48,516:MainThread:Exception in Getting OHLC data as Check the Tradingsymbol or Exchange
Traceback (most recent call last):
  File "c:\Users\sakth\Desktop\VSCODE\TB DHAN API ALGO\Dhan_Tradehull.py", line 504, in get_intraday_data
    raise Exception("Check the Tradingsymbol or Exchange")
Exception: Check the Tradingsymbol or Exchange
