INFO:2025-08-31 21:52:18,825:MainThread:Dhan.py  started system
INFO:2025-08-31 21:52:18,826:MainThread:STARTED THE PROGRAM
INFO:2025-08-31 21:54:16,407:MainThread:Dhan.py  started system
INFO:2025-08-31 21:54:16,407:MainThread:STARTED THE PROGRAM
INFO:2025-08-31 21:55:11,459:MainThread:Dhan.py  started system
INFO:2025-08-31 21:55:11,460:MainThread:STARTED THE PROGRAM
INFO:2025-08-31 21:55:12,785:MainThread:Dhan.py  started system
INFO:2025-08-31 21:55:12,785:MainThread:STARTED THE PROGRAM
ERROR:2025-08-31 21:55:16,201:MainThread:Exception in Getting OHLC data as {'status': 'failure', 'remarks': {'error_code': 'DH-905', 'error_type': 'Input_Exception', 'error_message': 'System is unable to fetch data due to incorrect parameters or no data present'}, 'data': {'errorType': 'Input_Exception', 'errorCode': 'DH-905', 'errorMessage': 'System is unable to fetch data due to incorrect parameters or no data present'}}
Traceback (most recent call last):
  File "C:\Users\sakth\miniconda3\envs\dhan\Lib\site-packages\Dhan_Tradehull\Dhan_Tradehull.py", line 525, in get_intraday_data
    raise Exception(ohlc)
Exception: {'status': 'failure', 'remarks': {'error_code': 'DH-905', 'error_type': 'Input_Exception', 'error_message': 'System is unable to fetch data due to incorrect parameters or no data present'}, 'data': {'errorType': 'Input_Exception', 'errorCode': 'DH-905', 'errorMessage': 'System is unable to fetch data due to incorrect parameters or no data present'}}
INFO:2025-08-31 21:57:50,511:MainThread:Dhan.py  started system
INFO:2025-08-31 21:57:50,511:MainThread:STARTED THE PROGRAM
INFO:2025-08-31 21:57:51,774:MainThread:Dhan.py  started system
INFO:2025-08-31 21:57:51,774:MainThread:STARTED THE PROGRAM
ERROR:2025-08-31 21:57:55,104:MainThread:Exception in Getting OHLC data as {'status': 'failure', 'remarks': {'error_code': 'DH-905', 'error_type': 'Input_Exception', 'error_message': 'System is unable to fetch data due to incorrect parameters or no data present'}, 'data': {'errorType': 'Input_Exception', 'errorCode': 'DH-905', 'errorMessage': 'System is unable to fetch data due to incorrect parameters or no data present'}}
Traceback (most recent call last):
  File "C:\Users\sakth\miniconda3\envs\dhan\Lib\site-packages\Dhan_Tradehull\Dhan_Tradehull.py", line 525, in get_intraday_data
    raise Exception(ohlc)
Exception: {'status': 'failure', 'remarks': {'error_code': 'DH-905', 'error_type': 'Input_Exception', 'error_message': 'System is unable to fetch data due to incorrect parameters or no data present'}, 'data': {'errorType': 'Input_Exception', 'errorCode': 'DH-905', 'errorMessage': 'System is unable to fetch data due to incorrect parameters or no data present'}}
INFO:2025-08-31 22:07:55,011:MainThread:Dhan.py  started system
INFO:2025-08-31 22:07:55,011:MainThread:STARTED THE PROGRAM
INFO:2025-08-31 22:07:56,362:MainThread:Dhan.py  started system
INFO:2025-08-31 22:07:56,362:MainThread:STARTED THE PROGRAM
ERROR:2025-08-31 22:07:59,679:MainThread:Exception in Getting OHLC data as {'status': 'failure', 'remarks': {'error_code': 'DH-905', 'error_type': 'Input_Exception', 'error_message': 'System is unable to fetch data due to incorrect parameters or no data present'}, 'data': {'errorType': 'Input_Exception', 'errorCode': 'DH-905', 'errorMessage': 'System is unable to fetch data due to incorrect parameters or no data present'}}
Traceback (most recent call last):
  File "C:\Users\sakth\miniconda3\envs\dhan\Lib\site-packages\Dhan_Tradehull\Dhan_Tradehull.py", line 525, in get_intraday_data
    raise Exception(ohlc)
Exception: {'status': 'failure', 'remarks': {'error_code': 'DH-905', 'error_type': 'Input_Exception', 'error_message': 'System is unable to fetch data due to incorrect parameters or no data present'}, 'data': {'errorType': 'Input_Exception', 'errorCode': 'DH-905', 'errorMessage': 'System is unable to fetch data due to incorrect parameters or no data present'}}
INFO:2025-08-31 22:09:54,698:MainThread:Dhan.py  started system
INFO:2025-08-31 22:09:54,698:MainThread:STARTED THE PROGRAM
INFO:2025-08-31 22:09:56,000:MainThread:Dhan.py  started system
INFO:2025-08-31 22:09:56,000:MainThread:STARTED THE PROGRAM
INFO:2025-08-31 22:12:16,430:MainThread:Dhan.py  started system
INFO:2025-08-31 22:12:16,431:MainThread:STARTED THE PROGRAM
INFO:2025-08-31 22:12:17,664:MainThread:Dhan.py  started system
INFO:2025-08-31 22:12:17,664:MainThread:STARTED THE PROGRAM
INFO:2025-08-31 22:19:12,542:MainThread:Dhan.py  started system
INFO:2025-08-31 22:19:12,542:MainThread:STARTED THE PROGRAM
INFO:2025-08-31 22:19:13,798:MainThread:Dhan.py  started system
INFO:2025-08-31 22:19:13,798:MainThread:STARTED THE PROGRAM
INFO:2025-08-31 22:22:36,619:MainThread:Dhan.py  started system
INFO:2025-08-31 22:22:36,619:MainThread:STARTED THE PROGRAM
INFO:2025-08-31 22:22:37,867:MainThread:Dhan.py  started system
INFO:2025-08-31 22:22:37,867:MainThread:STARTED THE PROGRAM
INFO:2025-08-31 22:24:07,127:MainThread:Dhan.py  started system
INFO:2025-08-31 22:24:07,127:MainThread:STARTED THE PROGRAM
INFO:2025-08-31 22:24:08,381:MainThread:Dhan.py  started system
INFO:2025-08-31 22:24:08,381:MainThread:STARTED THE PROGRAM
INFO:2025-08-31 22:26:13,807:MainThread:Dhan.py  started system
INFO:2025-08-31 22:26:13,807:MainThread:STARTED THE PROGRAM
INFO:2025-08-31 22:26:15,071:MainThread:Dhan.py  started system
INFO:2025-08-31 22:26:15,071:MainThread:STARTED THE PROGRAM
INFO:2025-08-31 22:27:04,445:MainThread:Dhan.py  started system
INFO:2025-08-31 22:27:04,445:MainThread:STARTED THE PROGRAM
INFO:2025-08-31 22:27:05,690:MainThread:Dhan.py  started system
INFO:2025-08-31 22:27:05,690:MainThread:STARTED THE PROGRAM
