INFO:2025-09-07 18:18:26,755:MainThread:Dhan.py  started system
INFO:2025-09-07 18:18:26,755:MainThread:STARTED THE PROGRAM
ERROR:2025-09-07 18:18:31,366:MainThread:Exception in Getting OHLC data as Check the Tradingsymbol or Exchange
Traceback (most recent call last):
  File "c:\Users\sakth\Desktop\VSCODE\TB DHAN API ALGO\Dhan_Tradehull.py", line 504, in get_intraday_data
    raise Exception("Check the Tradingsymbol or Exchange")
Exception: Check the Tradingsymbol or Exchange
ERROR:2025-09-07 18:18:33,534:MainThread:Exception in Getting OHLC data as {'status': 'failure', 'remarks': {'error_code': 'DH-906', 'error_type': 'Order_Error', 'error_message': 'Invalid Token'}, 'data': {'errorType': 'Order_Error', 'errorCode': 'DH-906', 'errorMessage': 'Invalid Token'}}
Traceback (most recent call last):
  File "c:\Users\sakth\Desktop\VSCODE\TB DHAN API ALGO\Dhan_Tradehull.py", line 525, in get_intraday_data
    raise Exception(ohlc)
Exception: {'status': 'failure', 'remarks': {'error_code': 'DH-906', 'error_type': 'Order_Error', 'error_message': 'Invalid Token'}, 'data': {'errorType': 'Order_Error', 'errorCode': 'DH-906', 'errorMessage': 'Invalid Token'}}
ERROR:2025-09-07 18:18:33,598:MainThread:Exception in Getting OHLC data as Check the Tradingsymbol or Exchange
Traceback (most recent call last):
  File "c:\Users\sakth\Desktop\VSCODE\TB DHAN API ALGO\Dhan_Tradehull.py", line 504, in get_intraday_data
    raise Exception("Check the Tradingsymbol or Exchange")
Exception: Check the Tradingsymbol or Exchange
ERROR:2025-09-07 18:18:33,674:MainThread:Exception in Getting OHLC data as Check the Tradingsymbol or Exchange
Traceback (most recent call last):
  File "c:\Users\sakth\Desktop\VSCODE\TB DHAN API ALGO\Dhan_Tradehull.py", line 504, in get_intraday_data
    raise Exception("Check the Tradingsymbol or Exchange")
Exception: Check the Tradingsymbol or Exchange
INFO:2025-09-07 21:54:10,374:MainThread:Dhan.py  started system
INFO:2025-09-07 21:54:10,375:MainThread:STARTED THE PROGRAM
ERROR:2025-09-07 21:54:11,935:MainThread:Exception in Getting OHLC data as Check the Tradingsymbol or Exchange
Traceback (most recent call last):
  File "c:\Users\sakth\Desktop\VSCODE\TB DHAN API ALGO\Dhan_Tradehull.py", line 504, in get_intraday_data
    raise Exception("Check the Tradingsymbol or Exchange")
Exception: Check the Tradingsymbol or Exchange
ERROR:2025-09-07 21:54:14,294:MainThread:Exception in Getting OHLC data as {'status': 'failure', 'remarks': {'error_code': 'DH-906', 'error_type': 'Order_Error', 'error_message': 'Invalid Token'}, 'data': {'errorType': 'Order_Error', 'errorCode': 'DH-906', 'errorMessage': 'Invalid Token'}}
Traceback (most recent call last):
  File "c:\Users\sakth\Desktop\VSCODE\TB DHAN API ALGO\Dhan_Tradehull.py", line 525, in get_intraday_data
    raise Exception(ohlc)
Exception: {'status': 'failure', 'remarks': {'error_code': 'DH-906', 'error_type': 'Order_Error', 'error_message': 'Invalid Token'}, 'data': {'errorType': 'Order_Error', 'errorCode': 'DH-906', 'errorMessage': 'Invalid Token'}}
ERROR:2025-09-07 21:54:14,330:MainThread:Exception in Getting OHLC data as Check the Tradingsymbol or Exchange
Traceback (most recent call last):
  File "c:\Users\sakth\Desktop\VSCODE\TB DHAN API ALGO\Dhan_Tradehull.py", line 504, in get_intraday_data
    raise Exception("Check the Tradingsymbol or Exchange")
Exception: Check the Tradingsymbol or Exchange
ERROR:2025-09-07 21:54:14,370:MainThread:Exception in Getting OHLC data as Check the Tradingsymbol or Exchange
Traceback (most recent call last):
  File "c:\Users\sakth\Desktop\VSCODE\TB DHAN API ALGO\Dhan_Tradehull.py", line 504, in get_intraday_data
    raise Exception("Check the Tradingsymbol or Exchange")
Exception: Check the Tradingsymbol or Exchange
INFO:2025-09-07 21:57:40,534:MainThread:Dhan.py  started system
INFO:2025-09-07 21:57:40,535:MainThread:STARTED THE PROGRAM
ERROR:2025-09-07 21:57:41,867:MainThread:Exception in Getting OHLC data as Check the Tradingsymbol or Exchange
Traceback (most recent call last):
  File "c:\Users\sakth\Desktop\VSCODE\TB DHAN API ALGO\Dhan_Tradehull.py", line 504, in get_intraday_data
    raise Exception("Check the Tradingsymbol or Exchange")
Exception: Check the Tradingsymbol or Exchange
ERROR:2025-09-07 21:57:43,957:MainThread:Exception in Getting OHLC data as {'status': 'failure', 'remarks': {'error_code': 'DH-906', 'error_type': 'Order_Error', 'error_message': 'Invalid Token'}, 'data': {'errorType': 'Order_Error', 'errorCode': 'DH-906', 'errorMessage': 'Invalid Token'}}
Traceback (most recent call last):
  File "c:\Users\sakth\Desktop\VSCODE\TB DHAN API ALGO\Dhan_Tradehull.py", line 525, in get_intraday_data
    raise Exception(ohlc)
Exception: {'status': 'failure', 'remarks': {'error_code': 'DH-906', 'error_type': 'Order_Error', 'error_message': 'Invalid Token'}, 'data': {'errorType': 'Order_Error', 'errorCode': 'DH-906', 'errorMessage': 'Invalid Token'}}
ERROR:2025-09-07 21:57:44,000:MainThread:Exception in Getting OHLC data as Check the Tradingsymbol or Exchange
Traceback (most recent call last):
  File "c:\Users\sakth\Desktop\VSCODE\TB DHAN API ALGO\Dhan_Tradehull.py", line 504, in get_intraday_data
    raise Exception("Check the Tradingsymbol or Exchange")
Exception: Check the Tradingsymbol or Exchange
ERROR:2025-09-07 21:57:44,038:MainThread:Exception in Getting OHLC data as Check the Tradingsymbol or Exchange
Traceback (most recent call last):
  File "c:\Users\sakth\Desktop\VSCODE\TB DHAN API ALGO\Dhan_Tradehull.py", line 504, in get_intraday_data
    raise Exception("Check the Tradingsymbol or Exchange")
Exception: Check the Tradingsymbol or Exchange
INFO:2025-09-07 22:14:08,173:MainThread:Dhan.py  started system
INFO:2025-09-07 22:14:08,174:MainThread:STARTED THE PROGRAM
INFO:2025-09-07 22:18:30,464:MainThread:Dhan.py  started system
INFO:2025-09-07 22:18:30,464:MainThread:STARTED THE PROGRAM
INFO:2025-09-07 22:22:13,305:MainThread:Dhan.py  started system
INFO:2025-09-07 22:22:13,305:MainThread:STARTED THE PROGRAM
INFO:2025-09-07 22:22:44,020:MainThread:Dhan.py  started system
INFO:2025-09-07 22:22:44,020:MainThread:STARTED THE PROGRAM
INFO:2025-09-07 22:27:14,896:MainThread:Dhan.py  started system
INFO:2025-09-07 22:27:14,896:MainThread:STARTED THE PROGRAM
ERROR:2025-09-07 22:27:16,293:MainThread:Exception in Getting OHLC data as Check the Tradingsymbol or Exchange
Traceback (most recent call last):
  File "c:\Users\sakth\Desktop\VSCODE\TB DHAN API ALGO\Dhan_Tradehull.py", line 504, in get_intraday_data
    raise Exception("Check the Tradingsymbol or Exchange")
Exception: Check the Tradingsymbol or Exchange
ERROR:2025-09-07 22:27:18,375:MainThread:Exception in Getting OHLC data as {'status': 'failure', 'remarks': {'error_code': 'DH-906', 'error_type': 'Order_Error', 'error_message': 'Invalid Token'}, 'data': {'errorType': 'Order_Error', 'errorCode': 'DH-906', 'errorMessage': 'Invalid Token'}}
Traceback (most recent call last):
  File "c:\Users\sakth\Desktop\VSCODE\TB DHAN API ALGO\Dhan_Tradehull.py", line 525, in get_intraday_data
    raise Exception(ohlc)
Exception: {'status': 'failure', 'remarks': {'error_code': 'DH-906', 'error_type': 'Order_Error', 'error_message': 'Invalid Token'}, 'data': {'errorType': 'Order_Error', 'errorCode': 'DH-906', 'errorMessage': 'Invalid Token'}}
ERROR:2025-09-07 22:27:18,420:MainThread:Exception in Getting OHLC data as Check the Tradingsymbol or Exchange
Traceback (most recent call last):
  File "c:\Users\sakth\Desktop\VSCODE\TB DHAN API ALGO\Dhan_Tradehull.py", line 504, in get_intraday_data
    raise Exception("Check the Tradingsymbol or Exchange")
Exception: Check the Tradingsymbol or Exchange
ERROR:2025-09-07 22:27:18,454:MainThread:Exception in Getting OHLC data as Check the Tradingsymbol or Exchange
Traceback (most recent call last):
  File "c:\Users\sakth\Desktop\VSCODE\TB DHAN API ALGO\Dhan_Tradehull.py", line 504, in get_intraday_data
    raise Exception("Check the Tradingsymbol or Exchange")
Exception: Check the Tradingsymbol or Exchange
INFO:2025-09-07 22:27:50,092:MainThread:Dhan.py  started system
INFO:2025-09-07 22:27:50,092:MainThread:STARTED THE PROGRAM
INFO:2025-09-07 22:27:51,485:MainThread:Dhan.py  started system
INFO:2025-09-07 22:27:51,486:MainThread:STARTED THE PROGRAM
INFO:2025-09-07 22:27:52,770:MainThread:Dhan.py  started system
INFO:2025-09-07 22:27:52,770:MainThread:STARTED THE PROGRAM
ERROR:2025-09-07 22:27:54,073:MainThread:Exception in Getting OHLC data as Check the Tradingsymbol or Exchange
Traceback (most recent call last):
  File "c:\Users\sakth\Desktop\VSCODE\TB DHAN API ALGO\Dhan_Tradehull.py", line 504, in get_intraday_data
    raise Exception("Check the Tradingsymbol or Exchange")
Exception: Check the Tradingsymbol or Exchange
ERROR:2025-09-07 22:27:56,189:MainThread:Exception in Getting OHLC data as {'status': 'failure', 'remarks': {'error_code': 'DH-906', 'error_type': 'Order_Error', 'error_message': 'Invalid Token'}, 'data': {'errorType': 'Order_Error', 'errorCode': 'DH-906', 'errorMessage': 'Invalid Token'}}
Traceback (most recent call last):
  File "c:\Users\sakth\Desktop\VSCODE\TB DHAN API ALGO\Dhan_Tradehull.py", line 525, in get_intraday_data
    raise Exception(ohlc)
Exception: {'status': 'failure', 'remarks': {'error_code': 'DH-906', 'error_type': 'Order_Error', 'error_message': 'Invalid Token'}, 'data': {'errorType': 'Order_Error', 'errorCode': 'DH-906', 'errorMessage': 'Invalid Token'}}
ERROR:2025-09-07 22:27:56,232:MainThread:Exception in Getting OHLC data as Check the Tradingsymbol or Exchange
Traceback (most recent call last):
  File "c:\Users\sakth\Desktop\VSCODE\TB DHAN API ALGO\Dhan_Tradehull.py", line 504, in get_intraday_data
    raise Exception("Check the Tradingsymbol or Exchange")
Exception: Check the Tradingsymbol or Exchange
ERROR:2025-09-07 22:27:56,267:MainThread:Exception in Getting OHLC data as Check the Tradingsymbol or Exchange
Traceback (most recent call last):
  File "c:\Users\sakth\Desktop\VSCODE\TB DHAN API ALGO\Dhan_Tradehull.py", line 504, in get_intraday_data
    raise Exception("Check the Tradingsymbol or Exchange")
Exception: Check the Tradingsymbol or Exchange
