INFO:2025-09-01 21:21:17,659:MainThread:Dhan.py  started system
INFO:2025-09-01 21:21:17,659:MainThread:STARTED THE PROGRAM
INFO:2025-09-01 21:21:22,081:MainThread:Dhan.py  started system
INFO:2025-09-01 21:21:22,081:MainThread:STARTED THE PROGRAM
INFO:2025-09-01 21:27:36,691:MainThread:Dhan.py  started system
INFO:2025-09-01 21:27:36,692:MainThread:STARTED THE PROGRAM
INFO:2025-09-01 21:27:38,066:MainThread:Dhan.py  started system
INFO:2025-09-01 21:27:38,066:MainThread:STARTED THE PROGRAM
INFO:2025-09-01 21:31:03,494:MainThread:Dhan.py  started system
INFO:2025-09-01 21:31:03,494:MainThread:STARTED THE PROGRAM
INFO:2025-09-01 21:31:04,769:MainThread:Dhan.py  started system
INFO:2025-09-01 21:31:04,769:MainThread:STARTED THE PROGRAM
INFO:2025-09-01 21:50:33,182:MainThread:Dhan.py  started system
INFO:2025-09-01 21:50:33,183:MainThread:STARTED THE PROGRAM
INFO:2025-09-01 21:50:34,787:MainThread:Dhan.py  started system
INFO:2025-09-01 21:50:34,787:MainThread:STARTED THE PROGRAM
INFO:2025-09-01 22:12:13,825:MainThread:Dhan.py  started system
INFO:2025-09-01 22:12:13,825:MainThread:STARTED THE PROGRAM
INFO:2025-09-01 22:12:15,484:MainThread:Dhan.py  started system
INFO:2025-09-01 22:12:15,484:MainThread:STARTED THE PROGRAM
ERROR:2025-09-01 22:12:19,334:MainThread:Exception in Getting OHLC data as Check the Tradingsymbol or Exchange
Traceback (most recent call last):
  File "C:\Users\sakth\miniconda3\envs\dhan\Lib\site-packages\Dhan_Tradehull\Dhan_Tradehull.py", line 504, in get_intraday_data
    raise Exception("Check the Tradingsymbol or Exchange")
Exception: Check the Tradingsymbol or Exchange
ERROR:2025-09-01 22:12:19,374:MainThread:Exception in Getting OHLC data as Check the Tradingsymbol or Exchange
Traceback (most recent call last):
  File "C:\Users\sakth\miniconda3\envs\dhan\Lib\site-packages\Dhan_Tradehull\Dhan_Tradehull.py", line 504, in get_intraday_data
    raise Exception("Check the Tradingsymbol or Exchange")
Exception: Check the Tradingsymbol or Exchange
ERROR:2025-09-01 22:12:19,413:MainThread:Exception in Getting OHLC data as Check the Tradingsymbol or Exchange
Traceback (most recent call last):
  File "C:\Users\sakth\miniconda3\envs\dhan\Lib\site-packages\Dhan_Tradehull\Dhan_Tradehull.py", line 504, in get_intraday_data
    raise Exception("Check the Tradingsymbol or Exchange")
Exception: Check the Tradingsymbol or Exchange
ERROR:2025-09-01 22:12:19,448:MainThread:Exception in Getting OHLC data as Check the Tradingsymbol or Exchange
Traceback (most recent call last):
  File "C:\Users\sakth\miniconda3\envs\dhan\Lib\site-packages\Dhan_Tradehull\Dhan_Tradehull.py", line 504, in get_intraday_data
    raise Exception("Check the Tradingsymbol or Exchange")
Exception: Check the Tradingsymbol or Exchange
ERROR:2025-09-01 22:12:19,483:MainThread:Exception in Getting OHLC data as Check the Tradingsymbol or Exchange
Traceback (most recent call last):
  File "C:\Users\sakth\miniconda3\envs\dhan\Lib\site-packages\Dhan_Tradehull\Dhan_Tradehull.py", line 504, in get_intraday_data
    raise Exception("Check the Tradingsymbol or Exchange")
Exception: Check the Tradingsymbol or Exchange
ERROR:2025-09-01 22:12:19,520:MainThread:Exception in Getting OHLC data as Check the Tradingsymbol or Exchange
Traceback (most recent call last):
  File "C:\Users\sakth\miniconda3\envs\dhan\Lib\site-packages\Dhan_Tradehull\Dhan_Tradehull.py", line 504, in get_intraday_data
    raise Exception("Check the Tradingsymbol or Exchange")
Exception: Check the Tradingsymbol or Exchange
ERROR:2025-09-01 22:12:19,555:MainThread:Exception in Getting OHLC data as Check the Tradingsymbol or Exchange
Traceback (most recent call last):
  File "C:\Users\sakth\miniconda3\envs\dhan\Lib\site-packages\Dhan_Tradehull\Dhan_Tradehull.py", line 504, in get_intraday_data
    raise Exception("Check the Tradingsymbol or Exchange")
Exception: Check the Tradingsymbol or Exchange
ERROR:2025-09-01 22:12:19,592:MainThread:Exception in Getting OHLC data as Check the Tradingsymbol or Exchange
Traceback (most recent call last):
  File "C:\Users\sakth\miniconda3\envs\dhan\Lib\site-packages\Dhan_Tradehull\Dhan_Tradehull.py", line 504, in get_intraday_data
    raise Exception("Check the Tradingsymbol or Exchange")
Exception: Check the Tradingsymbol or Exchange
ERROR:2025-09-01 22:12:19,625:MainThread:Exception in Getting OHLC data as Check the Tradingsymbol or Exchange
Traceback (most recent call last):
  File "C:\Users\sakth\miniconda3\envs\dhan\Lib\site-packages\Dhan_Tradehull\Dhan_Tradehull.py", line 504, in get_intraday_data
    raise Exception("Check the Tradingsymbol or Exchange")
Exception: Check the Tradingsymbol or Exchange
ERROR:2025-09-01 22:12:19,658:MainThread:Exception in Getting OHLC data as Check the Tradingsymbol or Exchange
Traceback (most recent call last):
  File "C:\Users\sakth\miniconda3\envs\dhan\Lib\site-packages\Dhan_Tradehull\Dhan_Tradehull.py", line 504, in get_intraday_data
    raise Exception("Check the Tradingsymbol or Exchange")
Exception: Check the Tradingsymbol or Exchange
ERROR:2025-09-01 22:12:19,691:MainThread:Exception in Getting OHLC data as Check the Tradingsymbol or Exchange
Traceback (most recent call last):
  File "C:\Users\sakth\miniconda3\envs\dhan\Lib\site-packages\Dhan_Tradehull\Dhan_Tradehull.py", line 504, in get_intraday_data
    raise Exception("Check the Tradingsymbol or Exchange")
Exception: Check the Tradingsymbol or Exchange
ERROR:2025-09-01 22:12:19,724:MainThread:Exception in Getting OHLC data as Check the Tradingsymbol or Exchange
Traceback (most recent call last):
  File "C:\Users\sakth\miniconda3\envs\dhan\Lib\site-packages\Dhan_Tradehull\Dhan_Tradehull.py", line 504, in get_intraday_data
    raise Exception("Check the Tradingsymbol or Exchange")
Exception: Check the Tradingsymbol or Exchange
ERROR:2025-09-01 22:12:19,759:MainThread:Exception in Getting OHLC data as Check the Tradingsymbol or Exchange
Traceback (most recent call last):
  File "C:\Users\sakth\miniconda3\envs\dhan\Lib\site-packages\Dhan_Tradehull\Dhan_Tradehull.py", line 504, in get_intraday_data
    raise Exception("Check the Tradingsymbol or Exchange")
Exception: Check the Tradingsymbol or Exchange
ERROR:2025-09-01 22:12:19,793:MainThread:Exception in Getting OHLC data as Check the Tradingsymbol or Exchange
Traceback (most recent call last):
  File "C:\Users\sakth\miniconda3\envs\dhan\Lib\site-packages\Dhan_Tradehull\Dhan_Tradehull.py", line 504, in get_intraday_data
    raise Exception("Check the Tradingsymbol or Exchange")
Exception: Check the Tradingsymbol or Exchange
ERROR:2025-09-01 22:12:19,828:MainThread:Exception in Getting OHLC data as Check the Tradingsymbol or Exchange
Traceback (most recent call last):
  File "C:\Users\sakth\miniconda3\envs\dhan\Lib\site-packages\Dhan_Tradehull\Dhan_Tradehull.py", line 504, in get_intraday_data
    raise Exception("Check the Tradingsymbol or Exchange")
Exception: Check the Tradingsymbol or Exchange
ERROR:2025-09-01 22:12:19,861:MainThread:Exception in Getting OHLC data as Check the Tradingsymbol or Exchange
Traceback (most recent call last):
  File "C:\Users\sakth\miniconda3\envs\dhan\Lib\site-packages\Dhan_Tradehull\Dhan_Tradehull.py", line 504, in get_intraday_data
    raise Exception("Check the Tradingsymbol or Exchange")
Exception: Check the Tradingsymbol or Exchange
ERROR:2025-09-01 22:12:19,893:MainThread:Exception in Getting OHLC data as Check the Tradingsymbol or Exchange
Traceback (most recent call last):
  File "C:\Users\sakth\miniconda3\envs\dhan\Lib\site-packages\Dhan_Tradehull\Dhan_Tradehull.py", line 504, in get_intraday_data
    raise Exception("Check the Tradingsymbol or Exchange")
Exception: Check the Tradingsymbol or Exchange
ERROR:2025-09-01 22:12:19,927:MainThread:Exception in Getting OHLC data as Check the Tradingsymbol or Exchange
Traceback (most recent call last):
  File "C:\Users\sakth\miniconda3\envs\dhan\Lib\site-packages\Dhan_Tradehull\Dhan_Tradehull.py", line 504, in get_intraday_data
    raise Exception("Check the Tradingsymbol or Exchange")
Exception: Check the Tradingsymbol or Exchange
ERROR:2025-09-01 22:12:19,971:MainThread:Exception in Getting OHLC data as Check the Tradingsymbol or Exchange
Traceback (most recent call last):
  File "C:\Users\sakth\miniconda3\envs\dhan\Lib\site-packages\Dhan_Tradehull\Dhan_Tradehull.py", line 504, in get_intraday_data
    raise Exception("Check the Tradingsymbol or Exchange")
Exception: Check the Tradingsymbol or Exchange
ERROR:2025-09-01 22:12:20,005:MainThread:Exception in Getting OHLC data as Check the Tradingsymbol or Exchange
Traceback (most recent call last):
  File "C:\Users\sakth\miniconda3\envs\dhan\Lib\site-packages\Dhan_Tradehull\Dhan_Tradehull.py", line 504, in get_intraday_data
    raise Exception("Check the Tradingsymbol or Exchange")
Exception: Check the Tradingsymbol or Exchange
ERROR:2025-09-01 22:12:20,040:MainThread:Exception in Getting OHLC data as Check the Tradingsymbol or Exchange
Traceback (most recent call last):
  File "C:\Users\sakth\miniconda3\envs\dhan\Lib\site-packages\Dhan_Tradehull\Dhan_Tradehull.py", line 504, in get_intraday_data
    raise Exception("Check the Tradingsymbol or Exchange")
Exception: Check the Tradingsymbol or Exchange
ERROR:2025-09-01 22:12:20,075:MainThread:Exception in Getting OHLC data as Check the Tradingsymbol or Exchange
Traceback (most recent call last):
  File "C:\Users\sakth\miniconda3\envs\dhan\Lib\site-packages\Dhan_Tradehull\Dhan_Tradehull.py", line 504, in get_intraday_data
    raise Exception("Check the Tradingsymbol or Exchange")
Exception: Check the Tradingsymbol or Exchange
ERROR:2025-09-01 22:12:20,114:MainThread:Exception in Getting OHLC data as Check the Tradingsymbol or Exchange
Traceback (most recent call last):
  File "C:\Users\sakth\miniconda3\envs\dhan\Lib\site-packages\Dhan_Tradehull\Dhan_Tradehull.py", line 504, in get_intraday_data
    raise Exception("Check the Tradingsymbol or Exchange")
Exception: Check the Tradingsymbol or Exchange
ERROR:2025-09-01 22:12:20,148:MainThread:Exception in Getting OHLC data as Check the Tradingsymbol or Exchange
Traceback (most recent call last):
  File "C:\Users\sakth\miniconda3\envs\dhan\Lib\site-packages\Dhan_Tradehull\Dhan_Tradehull.py", line 504, in get_intraday_data
    raise Exception("Check the Tradingsymbol or Exchange")
Exception: Check the Tradingsymbol or Exchange
ERROR:2025-09-01 22:12:20,183:MainThread:Exception in Getting OHLC data as Check the Tradingsymbol or Exchange
Traceback (most recent call last):
  File "C:\Users\sakth\miniconda3\envs\dhan\Lib\site-packages\Dhan_Tradehull\Dhan_Tradehull.py", line 504, in get_intraday_data
    raise Exception("Check the Tradingsymbol or Exchange")
Exception: Check the Tradingsymbol or Exchange
ERROR:2025-09-01 22:12:20,216:MainThread:Exception in Getting OHLC data as Check the Tradingsymbol or Exchange
Traceback (most recent call last):
  File "C:\Users\sakth\miniconda3\envs\dhan\Lib\site-packages\Dhan_Tradehull\Dhan_Tradehull.py", line 504, in get_intraday_data
    raise Exception("Check the Tradingsymbol or Exchange")
Exception: Check the Tradingsymbol or Exchange
ERROR:2025-09-01 22:12:20,250:MainThread:Exception in Getting OHLC data as Check the Tradingsymbol or Exchange
Traceback (most recent call last):
  File "C:\Users\sakth\miniconda3\envs\dhan\Lib\site-packages\Dhan_Tradehull\Dhan_Tradehull.py", line 504, in get_intraday_data
    raise Exception("Check the Tradingsymbol or Exchange")
Exception: Check the Tradingsymbol or Exchange
ERROR:2025-09-01 22:12:20,283:MainThread:Exception in Getting OHLC data as Check the Tradingsymbol or Exchange
Traceback (most recent call last):
  File "C:\Users\sakth\miniconda3\envs\dhan\Lib\site-packages\Dhan_Tradehull\Dhan_Tradehull.py", line 504, in get_intraday_data
    raise Exception("Check the Tradingsymbol or Exchange")
Exception: Check the Tradingsymbol or Exchange
ERROR:2025-09-01 22:12:20,316:MainThread:Exception in Getting OHLC data as Check the Tradingsymbol or Exchange
Traceback (most recent call last):
  File "C:\Users\sakth\miniconda3\envs\dhan\Lib\site-packages\Dhan_Tradehull\Dhan_Tradehull.py", line 504, in get_intraday_data
    raise Exception("Check the Tradingsymbol or Exchange")
Exception: Check the Tradingsymbol or Exchange
ERROR:2025-09-01 22:12:20,350:MainThread:Exception in Getting OHLC data as Check the Tradingsymbol or Exchange
Traceback (most recent call last):
  File "C:\Users\sakth\miniconda3\envs\dhan\Lib\site-packages\Dhan_Tradehull\Dhan_Tradehull.py", line 504, in get_intraday_data
    raise Exception("Check the Tradingsymbol or Exchange")
Exception: Check the Tradingsymbol or Exchange
ERROR:2025-09-01 22:12:20,385:MainThread:Exception in Getting OHLC data as Check the Tradingsymbol or Exchange
Traceback (most recent call last):
  File "C:\Users\sakth\miniconda3\envs\dhan\Lib\site-packages\Dhan_Tradehull\Dhan_Tradehull.py", line 504, in get_intraday_data
    raise Exception("Check the Tradingsymbol or Exchange")
Exception: Check the Tradingsymbol or Exchange
ERROR:2025-09-01 22:12:20,422:MainThread:Exception in Getting OHLC data as Check the Tradingsymbol or Exchange
Traceback (most recent call last):
  File "C:\Users\sakth\miniconda3\envs\dhan\Lib\site-packages\Dhan_Tradehull\Dhan_Tradehull.py", line 504, in get_intraday_data
    raise Exception("Check the Tradingsymbol or Exchange")
Exception: Check the Tradingsymbol or Exchange
ERROR:2025-09-01 22:12:20,457:MainThread:Exception in Getting OHLC data as Check the Tradingsymbol or Exchange
Traceback (most recent call last):
  File "C:\Users\sakth\miniconda3\envs\dhan\Lib\site-packages\Dhan_Tradehull\Dhan_Tradehull.py", line 504, in get_intraday_data
    raise Exception("Check the Tradingsymbol or Exchange")
Exception: Check the Tradingsymbol or Exchange
INFO:2025-09-01 22:18:04,542:MainThread:Dhan.py  started system
INFO:2025-09-01 22:18:04,542:MainThread:STARTED THE PROGRAM
INFO:2025-09-01 22:18:05,816:MainThread:Dhan.py  started system
INFO:2025-09-01 22:18:05,816:MainThread:STARTED THE PROGRAM
ERROR:2025-09-01 22:18:09,214:MainThread:Exception in Getting OHLC data as Check the Tradingsymbol or Exchange
Traceback (most recent call last):
  File "C:\Users\sakth\miniconda3\envs\dhan\Lib\site-packages\Dhan_Tradehull\Dhan_Tradehull.py", line 504, in get_intraday_data
    raise Exception("Check the Tradingsymbol or Exchange")
Exception: Check the Tradingsymbol or Exchange
ERROR:2025-09-01 22:18:09,253:MainThread:Exception in Getting OHLC data as Check the Tradingsymbol or Exchange
Traceback (most recent call last):
  File "C:\Users\sakth\miniconda3\envs\dhan\Lib\site-packages\Dhan_Tradehull\Dhan_Tradehull.py", line 504, in get_intraday_data
    raise Exception("Check the Tradingsymbol or Exchange")
Exception: Check the Tradingsymbol or Exchange
ERROR:2025-09-01 22:18:09,293:MainThread:Exception in Getting OHLC data as Check the Tradingsymbol or Exchange
Traceback (most recent call last):
  File "C:\Users\sakth\miniconda3\envs\dhan\Lib\site-packages\Dhan_Tradehull\Dhan_Tradehull.py", line 504, in get_intraday_data
    raise Exception("Check the Tradingsymbol or Exchange")
Exception: Check the Tradingsymbol or Exchange
ERROR:2025-09-01 22:18:09,326:MainThread:Exception in Getting OHLC data as Check the Tradingsymbol or Exchange
Traceback (most recent call last):
  File "C:\Users\sakth\miniconda3\envs\dhan\Lib\site-packages\Dhan_Tradehull\Dhan_Tradehull.py", line 504, in get_intraday_data
    raise Exception("Check the Tradingsymbol or Exchange")
Exception: Check the Tradingsymbol or Exchange
ERROR:2025-09-01 22:18:09,360:MainThread:Exception in Getting OHLC data as Check the Tradingsymbol or Exchange
Traceback (most recent call last):
  File "C:\Users\sakth\miniconda3\envs\dhan\Lib\site-packages\Dhan_Tradehull\Dhan_Tradehull.py", line 504, in get_intraday_data
    raise Exception("Check the Tradingsymbol or Exchange")
Exception: Check the Tradingsymbol or Exchange
ERROR:2025-09-01 22:18:09,394:MainThread:Exception in Getting OHLC data as Check the Tradingsymbol or Exchange
Traceback (most recent call last):
  File "C:\Users\sakth\miniconda3\envs\dhan\Lib\site-packages\Dhan_Tradehull\Dhan_Tradehull.py", line 504, in get_intraday_data
    raise Exception("Check the Tradingsymbol or Exchange")
Exception: Check the Tradingsymbol or Exchange
ERROR:2025-09-01 22:18:09,429:MainThread:Exception in Getting OHLC data as Check the Tradingsymbol or Exchange
Traceback (most recent call last):
  File "C:\Users\sakth\miniconda3\envs\dhan\Lib\site-packages\Dhan_Tradehull\Dhan_Tradehull.py", line 504, in get_intraday_data
    raise Exception("Check the Tradingsymbol or Exchange")
Exception: Check the Tradingsymbol or Exchange
ERROR:2025-09-01 22:18:09,466:MainThread:Exception in Getting OHLC data as Check the Tradingsymbol or Exchange
Traceback (most recent call last):
  File "C:\Users\sakth\miniconda3\envs\dhan\Lib\site-packages\Dhan_Tradehull\Dhan_Tradehull.py", line 504, in get_intraday_data
    raise Exception("Check the Tradingsymbol or Exchange")
Exception: Check the Tradingsymbol or Exchange
ERROR:2025-09-01 22:18:09,500:MainThread:Exception in Getting OHLC data as Check the Tradingsymbol or Exchange
Traceback (most recent call last):
  File "C:\Users\sakth\miniconda3\envs\dhan\Lib\site-packages\Dhan_Tradehull\Dhan_Tradehull.py", line 504, in get_intraday_data
    raise Exception("Check the Tradingsymbol or Exchange")
Exception: Check the Tradingsymbol or Exchange
ERROR:2025-09-01 22:18:09,534:MainThread:Exception in Getting OHLC data as Check the Tradingsymbol or Exchange
Traceback (most recent call last):
  File "C:\Users\sakth\miniconda3\envs\dhan\Lib\site-packages\Dhan_Tradehull\Dhan_Tradehull.py", line 504, in get_intraday_data
    raise Exception("Check the Tradingsymbol or Exchange")
Exception: Check the Tradingsymbol or Exchange
ERROR:2025-09-01 22:18:09,567:MainThread:Exception in Getting OHLC data as Check the Tradingsymbol or Exchange
Traceback (most recent call last):
  File "C:\Users\sakth\miniconda3\envs\dhan\Lib\site-packages\Dhan_Tradehull\Dhan_Tradehull.py", line 504, in get_intraday_data
    raise Exception("Check the Tradingsymbol or Exchange")
Exception: Check the Tradingsymbol or Exchange
ERROR:2025-09-01 22:18:09,601:MainThread:Exception in Getting OHLC data as Check the Tradingsymbol or Exchange
Traceback (most recent call last):
  File "C:\Users\sakth\miniconda3\envs\dhan\Lib\site-packages\Dhan_Tradehull\Dhan_Tradehull.py", line 504, in get_intraday_data
    raise Exception("Check the Tradingsymbol or Exchange")
Exception: Check the Tradingsymbol or Exchange
ERROR:2025-09-01 22:18:09,634:MainThread:Exception in Getting OHLC data as Check the Tradingsymbol or Exchange
Traceback (most recent call last):
  File "C:\Users\sakth\miniconda3\envs\dhan\Lib\site-packages\Dhan_Tradehull\Dhan_Tradehull.py", line 504, in get_intraday_data
    raise Exception("Check the Tradingsymbol or Exchange")
Exception: Check the Tradingsymbol or Exchange
ERROR:2025-09-01 22:18:09,668:MainThread:Exception in Getting OHLC data as Check the Tradingsymbol or Exchange
Traceback (most recent call last):
  File "C:\Users\sakth\miniconda3\envs\dhan\Lib\site-packages\Dhan_Tradehull\Dhan_Tradehull.py", line 504, in get_intraday_data
    raise Exception("Check the Tradingsymbol or Exchange")
Exception: Check the Tradingsymbol or Exchange
ERROR:2025-09-01 22:18:09,703:MainThread:Exception in Getting OHLC data as Check the Tradingsymbol or Exchange
Traceback (most recent call last):
  File "C:\Users\sakth\miniconda3\envs\dhan\Lib\site-packages\Dhan_Tradehull\Dhan_Tradehull.py", line 504, in get_intraday_data
    raise Exception("Check the Tradingsymbol or Exchange")
Exception: Check the Tradingsymbol or Exchange
ERROR:2025-09-01 22:18:09,737:MainThread:Exception in Getting OHLC data as Check the Tradingsymbol or Exchange
Traceback (most recent call last):
  File "C:\Users\sakth\miniconda3\envs\dhan\Lib\site-packages\Dhan_Tradehull\Dhan_Tradehull.py", line 504, in get_intraday_data
    raise Exception("Check the Tradingsymbol or Exchange")
Exception: Check the Tradingsymbol or Exchange
ERROR:2025-09-01 22:18:09,772:MainThread:Exception in Getting OHLC data as Check the Tradingsymbol or Exchange
Traceback (most recent call last):
  File "C:\Users\sakth\miniconda3\envs\dhan\Lib\site-packages\Dhan_Tradehull\Dhan_Tradehull.py", line 504, in get_intraday_data
    raise Exception("Check the Tradingsymbol or Exchange")
Exception: Check the Tradingsymbol or Exchange
ERROR:2025-09-01 22:18:09,806:MainThread:Exception in Getting OHLC data as Check the Tradingsymbol or Exchange
Traceback (most recent call last):
  File "C:\Users\sakth\miniconda3\envs\dhan\Lib\site-packages\Dhan_Tradehull\Dhan_Tradehull.py", line 504, in get_intraday_data
    raise Exception("Check the Tradingsymbol or Exchange")
Exception: Check the Tradingsymbol or Exchange
ERROR:2025-09-01 22:18:09,853:MainThread:Exception in Getting OHLC data as Check the Tradingsymbol or Exchange
Traceback (most recent call last):
  File "C:\Users\sakth\miniconda3\envs\dhan\Lib\site-packages\Dhan_Tradehull\Dhan_Tradehull.py", line 504, in get_intraday_data
    raise Exception("Check the Tradingsymbol or Exchange")
Exception: Check the Tradingsymbol or Exchange
ERROR:2025-09-01 22:18:09,886:MainThread:Exception in Getting OHLC data as Check the Tradingsymbol or Exchange
Traceback (most recent call last):
  File "C:\Users\sakth\miniconda3\envs\dhan\Lib\site-packages\Dhan_Tradehull\Dhan_Tradehull.py", line 504, in get_intraday_data
    raise Exception("Check the Tradingsymbol or Exchange")
Exception: Check the Tradingsymbol or Exchange
ERROR:2025-09-01 22:18:09,920:MainThread:Exception in Getting OHLC data as Check the Tradingsymbol or Exchange
Traceback (most recent call last):
  File "C:\Users\sakth\miniconda3\envs\dhan\Lib\site-packages\Dhan_Tradehull\Dhan_Tradehull.py", line 504, in get_intraday_data
    raise Exception("Check the Tradingsymbol or Exchange")
Exception: Check the Tradingsymbol or Exchange
ERROR:2025-09-01 22:18:09,954:MainThread:Exception in Getting OHLC data as Check the Tradingsymbol or Exchange
Traceback (most recent call last):
  File "C:\Users\sakth\miniconda3\envs\dhan\Lib\site-packages\Dhan_Tradehull\Dhan_Tradehull.py", line 504, in get_intraday_data
    raise Exception("Check the Tradingsymbol or Exchange")
Exception: Check the Tradingsymbol or Exchange
ERROR:2025-09-01 22:18:09,996:MainThread:Exception in Getting OHLC data as Check the Tradingsymbol or Exchange
Traceback (most recent call last):
  File "C:\Users\sakth\miniconda3\envs\dhan\Lib\site-packages\Dhan_Tradehull\Dhan_Tradehull.py", line 504, in get_intraday_data
    raise Exception("Check the Tradingsymbol or Exchange")
Exception: Check the Tradingsymbol or Exchange
ERROR:2025-09-01 22:18:10,031:MainThread:Exception in Getting OHLC data as Check the Tradingsymbol or Exchange
Traceback (most recent call last):
  File "C:\Users\sakth\miniconda3\envs\dhan\Lib\site-packages\Dhan_Tradehull\Dhan_Tradehull.py", line 504, in get_intraday_data
    raise Exception("Check the Tradingsymbol or Exchange")
Exception: Check the Tradingsymbol or Exchange
ERROR:2025-09-01 22:18:10,064:MainThread:Exception in Getting OHLC data as Check the Tradingsymbol or Exchange
Traceback (most recent call last):
  File "C:\Users\sakth\miniconda3\envs\dhan\Lib\site-packages\Dhan_Tradehull\Dhan_Tradehull.py", line 504, in get_intraday_data
    raise Exception("Check the Tradingsymbol or Exchange")
Exception: Check the Tradingsymbol or Exchange
ERROR:2025-09-01 22:18:10,098:MainThread:Exception in Getting OHLC data as Check the Tradingsymbol or Exchange
Traceback (most recent call last):
  File "C:\Users\sakth\miniconda3\envs\dhan\Lib\site-packages\Dhan_Tradehull\Dhan_Tradehull.py", line 504, in get_intraday_data
    raise Exception("Check the Tradingsymbol or Exchange")
Exception: Check the Tradingsymbol or Exchange
ERROR:2025-09-01 22:18:10,132:MainThread:Exception in Getting OHLC data as Check the Tradingsymbol or Exchange
Traceback (most recent call last):
  File "C:\Users\sakth\miniconda3\envs\dhan\Lib\site-packages\Dhan_Tradehull\Dhan_Tradehull.py", line 504, in get_intraday_data
    raise Exception("Check the Tradingsymbol or Exchange")
Exception: Check the Tradingsymbol or Exchange
ERROR:2025-09-01 22:18:10,165:MainThread:Exception in Getting OHLC data as Check the Tradingsymbol or Exchange
Traceback (most recent call last):
  File "C:\Users\sakth\miniconda3\envs\dhan\Lib\site-packages\Dhan_Tradehull\Dhan_Tradehull.py", line 504, in get_intraday_data
    raise Exception("Check the Tradingsymbol or Exchange")
Exception: Check the Tradingsymbol or Exchange
ERROR:2025-09-01 22:18:10,200:MainThread:Exception in Getting OHLC data as Check the Tradingsymbol or Exchange
Traceback (most recent call last):
  File "C:\Users\sakth\miniconda3\envs\dhan\Lib\site-packages\Dhan_Tradehull\Dhan_Tradehull.py", line 504, in get_intraday_data
    raise Exception("Check the Tradingsymbol or Exchange")
Exception: Check the Tradingsymbol or Exchange
ERROR:2025-09-01 22:18:10,233:MainThread:Exception in Getting OHLC data as Check the Tradingsymbol or Exchange
Traceback (most recent call last):
  File "C:\Users\sakth\miniconda3\envs\dhan\Lib\site-packages\Dhan_Tradehull\Dhan_Tradehull.py", line 504, in get_intraday_data
    raise Exception("Check the Tradingsymbol or Exchange")
Exception: Check the Tradingsymbol or Exchange
ERROR:2025-09-01 22:18:10,267:MainThread:Exception in Getting OHLC data as Check the Tradingsymbol or Exchange
Traceback (most recent call last):
  File "C:\Users\sakth\miniconda3\envs\dhan\Lib\site-packages\Dhan_Tradehull\Dhan_Tradehull.py", line 504, in get_intraday_data
    raise Exception("Check the Tradingsymbol or Exchange")
Exception: Check the Tradingsymbol or Exchange
ERROR:2025-09-01 22:18:10,304:MainThread:Exception in Getting OHLC data as Check the Tradingsymbol or Exchange
Traceback (most recent call last):
  File "C:\Users\sakth\miniconda3\envs\dhan\Lib\site-packages\Dhan_Tradehull\Dhan_Tradehull.py", line 504, in get_intraday_data
    raise Exception("Check the Tradingsymbol or Exchange")
Exception: Check the Tradingsymbol or Exchange
ERROR:2025-09-01 22:18:10,338:MainThread:Exception in Getting OHLC data as Check the Tradingsymbol or Exchange
Traceback (most recent call last):
  File "C:\Users\sakth\miniconda3\envs\dhan\Lib\site-packages\Dhan_Tradehull\Dhan_Tradehull.py", line 504, in get_intraday_data
    raise Exception("Check the Tradingsymbol or Exchange")
Exception: Check the Tradingsymbol or Exchange
