INFO:2025-09-10 22:10:49,367:MainThread:Dhan.py  started system
INFO:2025-09-10 22:10:49,367:MainThread:STARTED THE PROGRAM
ERROR:2025-09-10 22:10:54,159:MainThread:Exception in Getting OHLC data as Check the Tradingsymbol or Exchange
Traceback (most recent call last):
  File "C:\Users\sakth\Desktop\VSCODE\TB DHAN API ALGO\Dhan_Tradehull.py", line 504, in get_intraday_data
    raise Exception("Check the Tradingsymbol or Exchange")
Exception: Check the Tradingsymbol or Exchange
ERROR:2025-09-10 22:10:56,374:MainThread:Exception in Getting OHLC data as {'status': 'failure', 'remarks': {'error_code': 'DH-906', 'error_type': 'Order_Error', 'error_message': 'Invalid Token'}, 'data': {'errorType': 'Order_Error', 'errorCode': 'DH-906', 'errorMessage': 'Invalid Token'}}
Traceback (most recent call last):
  File "C:\Users\sakth\Desktop\VSCODE\TB DHAN API ALGO\Dhan_Tradehull.py", line 525, in get_intraday_data
    raise Exception(ohlc)
Exception: {'status': 'failure', 'remarks': {'error_code': 'DH-906', 'error_type': 'Order_Error', 'error_message': 'Invalid Token'}, 'data': {'errorType': 'Order_Error', 'errorCode': 'DH-906', 'errorMessage': 'Invalid Token'}}
ERROR:2025-09-10 22:10:56,439:MainThread:Exception in Getting OHLC data as Check the Tradingsymbol or Exchange
Traceback (most recent call last):
  File "C:\Users\sakth\Desktop\VSCODE\TB DHAN API ALGO\Dhan_Tradehull.py", line 504, in get_intraday_data
    raise Exception("Check the Tradingsymbol or Exchange")
Exception: Check the Tradingsymbol or Exchange
ERROR:2025-09-10 22:10:56,502:MainThread:Exception in Getting OHLC data as Check the Tradingsymbol or Exchange
Traceback (most recent call last):
  File "C:\Users\sakth\Desktop\VSCODE\TB DHAN API ALGO\Dhan_Tradehull.py", line 504, in get_intraday_data
    raise Exception("Check the Tradingsymbol or Exchange")
Exception: Check the Tradingsymbol or Exchange
